
*----------------
[] 1 [-1, -1, -1, -1]
in_perm [False, False, False, False, False]
4 1 [1, 2, 3, 4]
!----------------


*----------------
[1] 2 [-1, -1, -1, -1]
in_perm [False, True, False, False, False]
3 2 [2, 3, 4, -1]
!----------------


*----------------
[1, 2] 3 [-1, -1, -1, -1]
in_perm [False, True, True, False, False]
2 3 [3, 4, -1, -1]
!----------------


*----------------
[1, 2, 3] 4 [-1, -1, -1, -1]
in_perm [False, True, True, True, False]
1 4 [4, -1, -1, -1]
!----------------

[ 1 2 3 4 ] final

*----------------
[1, 2, 4] 4 [-1, -1, -1, -1]
in_perm [False, True, True, False, True]
1 4 [3, -1, -1, -1]
!----------------

[ 1 2 4 3 ] final

*----------------
[1, 3] 3 [-1, -1, -1, -1]
in_perm [False, True, False, True, False]
2 3 [2, 4, -1, -1]
!----------------


*----------------
[1, 3, 2] 4 [-1, -1, -1, -1]
in_perm [False, True, True, True, False]
1 4 [4, -1, -1, -1]
!----------------

[ 1 3 2 4 ] final

*----------------
[1, 3, 4] 4 [-1, -1, -1, -1]
in_perm [False, True, False, True, True]
1 4 [2, -1, -1, -1]
!----------------

[ 1 3 4 2 ] final

*----------------
[1, 4] 3 [-1, -1, -1, -1]
in_perm [False, True, False, False, True]
2 3 [2, 3, -1, -1]
!----------------


*----------------
[1, 4, 2] 4 [-1, -1, -1, -1]
in_perm [False, True, True, False, True]
1 4 [3, -1, -1, -1]
!----------------

[ 1 4 2 3 ] final

*----------------
[1, 4, 3] 4 [-1, -1, -1, -1]
in_perm [False, True, False, True, True]
1 4 [2, -1, -1, -1]
!----------------

[ 1 4 3 2 ] final

*----------------
[2] 2 [-1, -1, -1, -1]
in_perm [False, False, True, False, False]
3 2 [1, 3, 4, -1]
!----------------


*----------------
[2, 1] 3 [-1, -1, -1, -1]
in_perm [False, True, True, False, False]
2 3 [3, 4, -1, -1]
!----------------


*----------------
[2, 1, 3] 4 [-1, -1, -1, -1]
in_perm [False, True, True, True, False]
1 4 [4, -1, -1, -1]
!----------------

[ 2 1 3 4 ] final

*----------------
[2, 1, 4] 4 [-1, -1, -1, -1]
in_perm [False, True, True, False, True]
1 4 [3, -1, -1, -1]
!----------------

[ 2 1 4 3 ] final

*----------------
[2, 3] 3 [-1, -1, -1, -1]
in_perm [False, False, True, True, False]
2 3 [1, 4, -1, -1]
!----------------


*----------------
[2, 3, 1] 4 [-1, -1, -1, -1]
in_perm [False, True, True, True, False]
1 4 [4, -1, -1, -1]
!----------------

[ 2 3 1 4 ] final

*----------------
[2, 3, 4] 4 [-1, -1, -1, -1]
in_perm [False, False, True, True, True]
1 4 [1, -1, -1, -1]
!----------------

[ 2 3 4 1 ] final

*----------------
[2, 4] 3 [-1, -1, -1, -1]
in_perm [False, False, True, False, True]
2 3 [1, 3, -1, -1]
!----------------


*----------------
[2, 4, 1] 4 [-1, -1, -1, -1]
in_perm [False, True, True, False, True]
1 4 [3, -1, -1, -1]
!----------------

[ 2 4 1 3 ] final

*----------------
[2, 4, 3] 4 [-1, -1, -1, -1]
in_perm [False, False, True, True, True]
1 4 [1, -1, -1, -1]
!----------------

[ 2 4 3 1 ] final

*----------------
[3] 2 [-1, -1, -1, -1]
in_perm [False, False, False, True, False]
3 2 [1, 2, 4, -1]
!----------------


*----------------
[3, 1] 3 [-1, -1, -1, -1]
in_perm [False, True, False, True, False]
2 3 [2, 4, -1, -1]
!----------------


*----------------
[3, 1, 2] 4 [-1, -1, -1, -1]
in_perm [False, True, True, True, False]
1 4 [4, -1, -1, -1]
!----------------

[ 3 1 2 4 ] final

*----------------
[3, 1, 4] 4 [-1, -1, -1, -1]
in_perm [False, True, False, True, True]
1 4 [2, -1, -1, -1]
!----------------

[ 3 1 4 2 ] final

*----------------
[3, 2] 3 [-1, -1, -1, -1]
in_perm [False, False, True, True, False]
2 3 [1, 4, -1, -1]
!----------------


*----------------
[3, 2, 1] 4 [-1, -1, -1, -1]
in_perm [False, True, True, True, False]
1 4 [4, -1, -1, -1]
!----------------

[ 3 2 1 4 ] final

*----------------
[3, 2, 4] 4 [-1, -1, -1, -1]
in_perm [False, False, True, True, True]
1 4 [1, -1, -1, -1]
!----------------

[ 3 2 4 1 ] final

*----------------
[3, 4] 3 [-1, -1, -1, -1]
in_perm [False, False, False, True, True]
2 3 [1, 2, -1, -1]
!----------------


*----------------
[3, 4, 1] 4 [-1, -1, -1, -1]
in_perm [False, True, False, True, True]
1 4 [2, -1, -1, -1]
!----------------

[ 3 4 1 2 ] final

*----------------
[3, 4, 2] 4 [-1, -1, -1, -1]
in_perm [False, False, True, True, True]
1 4 [1, -1, -1, -1]
!----------------

[ 3 4 2 1 ] final

*----------------
[4] 2 [-1, -1, -1, -1]
in_perm [False, False, False, False, True]
3 2 [1, 2, 3, -1]
!----------------


*----------------
[4, 1] 3 [-1, -1, -1, -1]
in_perm [False, True, False, False, True]
2 3 [2, 3, -1, -1]
!----------------


*----------------
[4, 1, 2] 4 [-1, -1, -1, -1]
in_perm [False, True, True, False, True]
1 4 [3, -1, -1, -1]
!----------------

[ 4 1 2 3 ] final

*----------------
[4, 1, 3] 4 [-1, -1, -1, -1]
in_perm [False, True, False, True, True]
1 4 [2, -1, -1, -1]
!----------------

[ 4 1 3 2 ] final

*----------------
[4, 2] 3 [-1, -1, -1, -1]
in_perm [False, False, True, False, True]
2 3 [1, 3, -1, -1]
!----------------


*----------------
[4, 2, 1] 4 [-1, -1, -1, -1]
in_perm [False, True, True, False, True]
1 4 [3, -1, -1, -1]
!----------------

[ 4 2 1 3 ] final

*----------------
[4, 2, 3] 4 [-1, -1, -1, -1]
in_perm [False, False, True, True, True]
1 4 [1, -1, -1, -1]
!----------------

[ 4 2 3 1 ] final

*----------------
[4, 3] 3 [-1, -1, -1, -1]
in_perm [False, False, False, True, True]
2 3 [1, 2, -1, -1]
!----------------


*----------------
[4, 3, 1] 4 [-1, -1, -1, -1]
in_perm [False, True, False, True, True]
1 4 [2, -1, -1, -1]
!----------------

[ 4 3 1 2 ] final

*----------------
[4, 3, 2] 4 [-1, -1, -1, -1]
in_perm [False, False, True, True, True]
1 4 [1, -1, -1, -1]
!----------------

[ 4 3 2 1 ] final
